<?xml version="1.0" encoding="UTF-8"?>
<!-- Generated by org.testng.reporters.JUnitXMLReporter -->
<testsuite hostname="Personal" ignored="0" name="Default test" tests="4" failures="0" timestamp="01 Oct 2022 11:56:22 GMT" time="130.39" errors="0">
  <testcase name="test01" time="2.19" classname="com.test.TestClass"/>
  <testcase name="phone" time="30.63" classname="com.test.TestClass"/>
  <testcase name="laptop" time="54.834" classname="com.test.TestClass"/>
  <testcase name="cartPage" time="14.141" classname="com.test.TestClass"/>
</testsuite> <!-- Default test -->
