<?xml version="1.0" encoding="UTF-8"?>
<!-- Generated by org.testng.reporters.JUnitXMLReporter -->
<testsuite hostname="Personal" ignored="0" name="Default test" tests="4" failures="0" timestamp="17 Oct 2022 12:30:03 GMT" time="104.06" errors="0">
  <testcase name="test01" time="1.153" classname="com.test.TestClass"/>
  <testcase name="phone" time="32.582" classname="com.test.TestClass"/>
  <testcase name="laptop" time="46.516" classname="com.test.TestClass"/>
  <testcase name="cartPage" time="8.648" classname="com.test.TestClass"/>
</testsuite> <!-- Default test -->
