<?xml version="1.0" encoding="UTF-8"?>
<testng-results skipped="0" failed="0" ignored="0" total="4" passed="4">
  <reporter-output>
  </reporter-output>
  <suite name="Default suite" duration-ms="104060" started-at="2022-10-17T12:28:18Z" finished-at="2022-10-17T12:30:03Z">
    <groups>
    </groups>
    <test name="Default test" duration-ms="104060" started-at="2022-10-17T12:28:18Z" finished-at="2022-10-17T12:30:03Z">
      <class name="com.test.TestClass">
        <test-method status="PASS" signature="browserOpen()[pri:0, instance:com.test.TestClass@5c1a8622]" name="browserOpen" is-config="true" duration-ms="15104" started-at="2022-10-17T12:28:18Z" finished-at="2022-10-17T12:28:34Z">
          <reporter-output>
          </reporter-output>
        </test-method> <!-- browserOpen -->
        <test-method status="PASS" signature="test01()[pri:0, instance:com.test.TestClass@5c1a8622]" name="test01" duration-ms="1153" started-at="2022-10-17T12:28:34Z" finished-at="2022-10-17T12:28:35Z">
          <reporter-output>
          </reporter-output>
        </test-method> <!-- test01 -->
        <test-method status="PASS" signature="phone()[pri:1, instance:com.test.TestClass@5c1a8622]" name="phone" duration-ms="32582" started-at="2022-10-17T12:28:35Z" finished-at="2022-10-17T12:29:07Z">
          <reporter-output>
          </reporter-output>
        </test-method> <!-- phone -->
        <test-method status="PASS" signature="laptop()[pri:2, instance:com.test.TestClass@5c1a8622]" name="laptop" duration-ms="46516" started-at="2022-10-17T12:29:07Z" finished-at="2022-10-17T12:29:54Z">
          <reporter-output>
          </reporter-output>
        </test-method> <!-- laptop -->
        <test-method status="PASS" signature="cartPage()[pri:3, instance:com.test.TestClass@5c1a8622]" name="cartPage" duration-ms="8648" started-at="2022-10-17T12:29:54Z" finished-at="2022-10-17T12:30:03Z">
          <reporter-output>
          </reporter-output>
        </test-method> <!-- cartPage -->
      </class> <!-- com.test.TestClass -->
    </test> <!-- Default test -->
  </suite> <!-- Default suite -->
</testng-results>
